<?xml version="1.0" encoding="UTF-8"?>
<!-- Generated by org.testng.reporters.JUnitReportReporter -->
<testsuite hostname="SCA-WS380" failures="0" tests="22" name="Tests.CategoriesTest" time="13.918" errors="1" timestamp="01 Nov 2018 16:24:20 GMT" skipped="0">
  <testcase classname="Tests.CategoriesTest" name="goToCategories" time="0.120">
    <error type="java.lang.NullPointerException">
      <![CDATA[java.lang.NullPointerException
at Tests.CategoriesTest.goToCategories(CategoriesTest.java:21)
at java.base/jdk.internal.reflect.NativeMethodAccessorImpl.invoke0(Native Method)
at java.base/jdk.internal.reflect.NativeMethodAccessorImpl.invoke(Unknown Source)
at java.base/jdk.internal.reflect.DelegatingMethodAccessorImpl.invoke(Unknown Source)
at java.base/java.lang.reflect.Method.invoke(Unknown Source)
at org.testng.internal.MethodInvocationHelper.invokeMethod(MethodInvocationHelper.java:124)
at org.testng.internal.Invoker.invokeMethod(Invoker.java:580)
at org.testng.internal.Invoker.invokeTestMethod(Invoker.java:716)
at org.testng.internal.Invoker.invokeTestMethods(Invoker.java:988)
at org.testng.internal.TestMethodWorker.invokeTestMethods(TestMethodWorker.java:125)
at org.testng.internal.TestMethodWorker.run(TestMethodWorker.java:109)
at org.testng.TestRunner.privateRun(TestRunner.java:648)
at org.testng.TestRunner.run(TestRunner.java:505)
at org.testng.SuiteRunner.runTest(SuiteRunner.java:455)
at org.testng.SuiteRunner.runSequentially(SuiteRunner.java:450)
at org.testng.SuiteRunner.privateRun(SuiteRunner.java:415)
at org.testng.SuiteRunner.run(SuiteRunner.java:364)
at org.testng.SuiteRunnerWorker.runSuite(SuiteRunnerWorker.java:52)
at org.testng.SuiteRunnerWorker.run(SuiteRunnerWorker.java:84)
at org.testng.TestNG.runSuitesSequentially(TestNG.java:1208)
at org.testng.TestNG.runSuitesLocally(TestNG.java:1137)
at org.testng.TestNG.runSuites(TestNG.java:1049)
at org.testng.TestNG.run(TestNG.java:1017)
at org.testng.remote.AbstractRemoteTestNG.run(AbstractRemoteTestNG.java:114)
at org.testng.remote.RemoteTestNG.initAndRun(RemoteTestNG.java:251)
at org.testng.remote.RemoteTestNG.main(RemoteTestNG.java:77)
]]>
    </error>
  </testcase> <!-- goToCategories -->
  <testcase classname="Tests.CategoriesTest" name="searchAntiquesAndCollectibles" time="0.708"/>
  <testcase classname="Tests.CategoriesTest" name="searchAntiquesAndCollectibles" time="0.496"/>
  <testcase classname="Tests.CategoriesTest" name="searchAntiquesAndCollectibles" time="0.517"/>
  <testcase classname="Tests.CategoriesTest" name="searchArtsAndCrafts" time="0.499"/>
  <testcase classname="Tests.CategoriesTest" name="searchArtsAndCrafts" time="0.504"/>
  <testcase classname="Tests.CategoriesTest" name="searchArtsAndCrafts" time="0.507"/>
  <testcase classname="Tests.CategoriesTest" name="searchAuto" time="0.504"/>
  <testcase classname="Tests.CategoriesTest" name="searchAuto" time="0.553"/>
  <testcase classname="Tests.CategoriesTest" name="searchAuto" time="0.559"/>
  <testcase classname="Tests.CategoriesTest" name="searchElectronics" time="1.310"/>
  <testcase classname="Tests.CategoriesTest" name="searchElectronics" time="0.559"/>
  <testcase classname="Tests.CategoriesTest" name="searchElectronics" time="0.551"/>
  <testcase classname="Tests.CategoriesTest" name="searchGarden" time="0.607"/>
  <testcase classname="Tests.CategoriesTest" name="searchGarden" time="0.603"/>
  <testcase classname="Tests.CategoriesTest" name="searchGarden" time="0.611"/>
  <testcase classname="Tests.CategoriesTest" name="searchHome" time="0.608"/>
  <testcase classname="Tests.CategoriesTest" name="searchHome" time="0.606"/>
  <testcase classname="Tests.CategoriesTest" name="searchHome" time="0.957"/>
  <testcase classname="Tests.CategoriesTest" name="searchMusic" time="0.607"/>
  <testcase classname="Tests.CategoriesTest" name="searchMusic" time="0.625"/>
  <testcase classname="Tests.CategoriesTest" name="searchMusic" time="1.307"/>
</testsuite> <!-- Tests.CategoriesTest -->
