<?xml version="1.0" encoding="UTF-8"?>
<!-- Generated by org.testng.reporters.JUnitReportReporter -->
<testsuite hostname="SCA-WS380" failures="0" tests="1" name="Login" time="1.503" errors="0" timestamp="19 Apr 2018 17:55:04 GMT" skipped="0">
  <testcase classname="Login" name="Login" time="1.503"/>
</testsuite> <!-- Login -->
