<?xml version="1.0" encoding="UTF-8"?>
<!-- Generated by org.testng.reporters.JUnitReportReporter -->
<testsuite hostname="SCA-WS380" failures="0" tests="22" name="Tests.CategoriesTest" time="13.467" errors="0" timestamp="01 Oct 2018 14:54:18 GMT" skipped="0">
  <testcase classname="Tests.CategoriesTest" name="goToCategories" time="0.152"/>
  <testcase classname="Tests.CategoriesTest" name="searchAntiquesAndCollectibles" time="0.642"/>
  <testcase classname="Tests.CategoriesTest" name="searchAntiquesAndCollectibles" time="0.683"/>
  <testcase classname="Tests.CategoriesTest" name="searchAntiquesAndCollectibles" time="0.564"/>
  <testcase classname="Tests.CategoriesTest" name="searchArtsAndCrafts" time="0.573"/>
  <testcase classname="Tests.CategoriesTest" name="searchArtsAndCrafts" time="0.574"/>
  <testcase classname="Tests.CategoriesTest" name="searchArtsAndCrafts" time="0.557"/>
  <testcase classname="Tests.CategoriesTest" name="searchAuto" time="0.554"/>
  <testcase classname="Tests.CategoriesTest" name="searchAuto" time="0.562"/>
  <testcase classname="Tests.CategoriesTest" name="searchAuto" time="0.550"/>
  <testcase classname="Tests.CategoriesTest" name="searchElectronics" time="0.602"/>
  <testcase classname="Tests.CategoriesTest" name="searchElectronics" time="0.648"/>
  <testcase classname="Tests.CategoriesTest" name="searchElectronics" time="0.627"/>
  <testcase classname="Tests.CategoriesTest" name="searchGarden" time="0.699"/>
  <testcase classname="Tests.CategoriesTest" name="searchGarden" time="0.618"/>
  <testcase classname="Tests.CategoriesTest" name="searchGarden" time="0.705"/>
  <testcase classname="Tests.CategoriesTest" name="searchHome" time="0.910"/>
  <testcase classname="Tests.CategoriesTest" name="searchHome" time="0.657"/>
  <testcase classname="Tests.CategoriesTest" name="searchHome" time="0.617"/>
  <testcase classname="Tests.CategoriesTest" name="searchMusic" time="0.660"/>
  <testcase classname="Tests.CategoriesTest" name="searchMusic" time="0.652"/>
  <testcase classname="Tests.CategoriesTest" name="searchMusic" time="0.661"/>
</testsuite> <!-- Tests.CategoriesTest -->
