<?xml version="1.0" encoding="UTF-8"?>
<!-- Generated by org.testng.reporters.JUnitReportReporter -->
<testsuite hostname="SCA-WS380" failures="0" tests="44" name="Tests.CategoriesTest" time="41.270" errors="0" timestamp="10 May 2018 21:19:54 GMT" skipped="0">
  <testcase classname="Tests.CategoriesTest" name="goToCategories" time="0.132"/>
  <testcase classname="Tests.CategoriesTest" name="goToCategories" time="0.289"/>
  <testcase classname="Tests.CategoriesTest" name="searchAntiquesAndCollectibles" time="0.910"/>
  <testcase classname="Tests.CategoriesTest" name="searchAntiquesAndCollectibles" time="0.849"/>
  <testcase classname="Tests.CategoriesTest" name="searchAntiquesAndCollectibles" time="0.954"/>
  <testcase classname="Tests.CategoriesTest" name="searchAntiquesAndCollectibles" time="1.086"/>
  <testcase classname="Tests.CategoriesTest" name="searchAntiquesAndCollectibles" time="1.033"/>
  <testcase classname="Tests.CategoriesTest" name="searchAntiquesAndCollectibles" time="0.851"/>
  <testcase classname="Tests.CategoriesTest" name="searchArtsAndCrafts" time="0.911"/>
  <testcase classname="Tests.CategoriesTest" name="searchArtsAndCrafts" time="0.955"/>
  <testcase classname="Tests.CategoriesTest" name="searchArtsAndCrafts" time="0.921"/>
  <testcase classname="Tests.CategoriesTest" name="searchArtsAndCrafts" time="0.913"/>
  <testcase classname="Tests.CategoriesTest" name="searchArtsAndCrafts" time="0.902"/>
  <testcase classname="Tests.CategoriesTest" name="searchArtsAndCrafts" time="0.899"/>
  <testcase classname="Tests.CategoriesTest" name="searchAuto" time="0.949"/>
  <testcase classname="Tests.CategoriesTest" name="searchAuto" time="0.971"/>
  <testcase classname="Tests.CategoriesTest" name="searchAuto" time="0.958"/>
  <testcase classname="Tests.CategoriesTest" name="searchAuto" time="1.965"/>
  <testcase classname="Tests.CategoriesTest" name="searchAuto" time="0.870"/>
  <testcase classname="Tests.CategoriesTest" name="searchAuto" time="0.894"/>
  <testcase classname="Tests.CategoriesTest" name="searchElectronics" time="0.959"/>
  <testcase classname="Tests.CategoriesTest" name="searchElectronics" time="0.908"/>
  <testcase classname="Tests.CategoriesTest" name="searchElectronics" time="0.897"/>
  <testcase classname="Tests.CategoriesTest" name="searchElectronics" time="0.959"/>
  <testcase classname="Tests.CategoriesTest" name="searchElectronics" time="1.001"/>
  <testcase classname="Tests.CategoriesTest" name="searchElectronics" time="1.008"/>
  <testcase classname="Tests.CategoriesTest" name="searchGarden" time="1.015"/>
  <testcase classname="Tests.CategoriesTest" name="searchGarden" time="1.005"/>
  <testcase classname="Tests.CategoriesTest" name="searchGarden" time="0.892"/>
  <testcase classname="Tests.CategoriesTest" name="searchGarden" time="0.913"/>
  <testcase classname="Tests.CategoriesTest" name="searchGarden" time="1.004"/>
  <testcase classname="Tests.CategoriesTest" name="searchGarden" time="1.011"/>
  <testcase classname="Tests.CategoriesTest" name="searchHome" time="0.902"/>
  <testcase classname="Tests.CategoriesTest" name="searchHome" time="1.020"/>
  <testcase classname="Tests.CategoriesTest" name="searchHome" time="1.009"/>
  <testcase classname="Tests.CategoriesTest" name="searchHome" time="1.014"/>
  <testcase classname="Tests.CategoriesTest" name="searchHome" time="0.902"/>
  <testcase classname="Tests.CategoriesTest" name="searchHome" time="0.909"/>
  <testcase classname="Tests.CategoriesTest" name="searchMusic" time="0.992"/>
  <testcase classname="Tests.CategoriesTest" name="searchMusic" time="0.900"/>
  <testcase classname="Tests.CategoriesTest" name="searchMusic" time="0.911"/>
  <testcase classname="Tests.CategoriesTest" name="searchMusic" time="0.906"/>
  <testcase classname="Tests.CategoriesTest" name="searchMusic" time="1.015"/>
  <testcase classname="Tests.CategoriesTest" name="searchMusic" time="1.006"/>
</testsuite> <!-- Tests.CategoriesTest -->
