<?xml version="1.0" encoding="UTF-8"?>
<!-- Generated by org.testng.reporters.JUnitReportReporter -->
<testsuite hostname="SCA-WS380" failures="0" tests="1" name="TestCases.HomePageTest" time="0.373" errors="0" timestamp="03 May 2018 17:49:09 GMT" skipped="0">
  <testcase classname="TestCases.HomePageTest" name="displayMenuRegisterPage" time="0.373"/>
</testsuite> <!-- TestCases.HomePageTest -->
