<?xml version="1.0" encoding="UTF-8"?>
<!-- Generated by org.testng.reporters.JUnitReportReporter -->
<testsuite hostname="SCA-WS380" failures="0" tests="22" name="Tests.CategoriesTest" time="13.506" errors="0" timestamp="08 Oct 2018 21:10:42 GMT" skipped="0">
  <testcase classname="Tests.CategoriesTest" name="goToCategories" time="0.148"/>
  <testcase classname="Tests.CategoriesTest" name="searchAntiquesAndCollectibles" time="0.524"/>
  <testcase classname="Tests.CategoriesTest" name="searchAntiquesAndCollectibles" time="0.537"/>
  <testcase classname="Tests.CategoriesTest" name="searchAntiquesAndCollectibles" time="0.984"/>
  <testcase classname="Tests.CategoriesTest" name="searchArtsAndCrafts" time="0.528"/>
  <testcase classname="Tests.CategoriesTest" name="searchArtsAndCrafts" time="0.606"/>
  <testcase classname="Tests.CategoriesTest" name="searchArtsAndCrafts" time="0.583"/>
  <testcase classname="Tests.CategoriesTest" name="searchAuto" time="0.553"/>
  <testcase classname="Tests.CategoriesTest" name="searchAuto" time="0.555"/>
  <testcase classname="Tests.CategoriesTest" name="searchAuto" time="0.556"/>
  <testcase classname="Tests.CategoriesTest" name="searchElectronics" time="0.625"/>
  <testcase classname="Tests.CategoriesTest" name="searchElectronics" time="1.063"/>
  <testcase classname="Tests.CategoriesTest" name="searchElectronics" time="0.552"/>
  <testcase classname="Tests.CategoriesTest" name="searchGarden" time="0.605"/>
  <testcase classname="Tests.CategoriesTest" name="searchGarden" time="0.609"/>
  <testcase classname="Tests.CategoriesTest" name="searchGarden" time="0.590"/>
  <testcase classname="Tests.CategoriesTest" name="searchHome" time="0.615"/>
  <testcase classname="Tests.CategoriesTest" name="searchHome" time="0.596"/>
  <testcase classname="Tests.CategoriesTest" name="searchHome" time="0.613"/>
  <testcase classname="Tests.CategoriesTest" name="searchMusic" time="0.548"/>
  <testcase classname="Tests.CategoriesTest" name="searchMusic" time="0.905"/>
  <testcase classname="Tests.CategoriesTest" name="searchMusic" time="0.611"/>
</testsuite> <!-- Tests.CategoriesTest -->
