<?xml version="1.0" encoding="UTF-8"?>
<!-- Generated by org.testng.reporters.JUnitReportReporter -->
<testsuite hostname="SCA-WS380" failures="0" tests="1" name="Tests.MyAdsAndProfileTest" time="0.307" errors="0" timestamp="01 Oct 2018 15:03:57 GMT" skipped="0">
  <testcase classname="Tests.MyAdsAndProfileTest" name="verifyToDeployLoginUserNotLogged" time="0.307"/>
</testsuite> <!-- Tests.MyAdsAndProfileTest -->
